20170902000085z  getJsonObject INFO: Object is empty
20170902000248z  getJsonObject INFO: Object is empty
20170902045441z  getJsonArray WARNING No matching Key was found <attribute> in the object >>>> {"environment":"production","application":"Google.com","link":"https:\/\/www.google.com","pagename":"google"}
20170902045447z  getJsonArray WARNING No matching Key was found <attribute> in the object >>>> {"environment":"production","application":"BestBuy.com","link":"http:\/\/www.bestbuy.com\/","pagename":"BestBuy"}
20170902045447z  getJsonArray WARNING No matching Key was found <attribute> in the object >>>> {"environment":"production","application":"t-mobile.com","link":"https:\/\/www.t-mobile.com\/","pagename":"T-Mobile.com"}
20170902045449z  getJsonArray WARNING No matching Key was found <attribute> in the object >>>> {"environment":"production","application":"Yahoo.com","link":"https:\/\/www.yahoo.com\/","pagename":"Yahoo.com"}
20170902045449z  getJsonArray WARNING No matching Key was found <attribute> in the object >>>> {"environment":"production","application":"Amazon.com","link":"https:\/\/www.amazon.com\/","pagename":"Amazon"}
20170902045449z  getJsonArray WARNING No matching Key was found <attribute> in the object >>>> {"environment":"production","application":"Staples.com","link":"http:\/\/www.staples.com\/","pagename":"Staples"}
20170902045449z  getJsonArray WARNING No matching Key was found <attribute> in the object >>>> {"environment":"stage","application":"Expedia.com","link":"https:\/\/www.expedia.com\/","pagename":"Expedia"}
20170902045449z  getJsonArray WARNING No matching Key was found <attribute> in the object >>>> {"environment":"production","application":"Uverse.com","link":"https:\/\/www.att.com\/shop\/tv\/directv\/tvdeals.html?JSAM_order=1-1&WT.srch=1&source=ECPS0000000PSM00P","pagename":"Uverse"}
20170902045531z  getJsonArray WARNING No matching Value found for <application> in the object >>>> {"environment":"production","application":"Google.com","link":"https:\/\/www.google.com","pagename":"google"}
20170902045536z  getJsonArray WARNING No matching Value found for <application> in the object >>>> {"environment":"production","application":"BestBuy.com","link":"http:\/\/www.bestbuy.com\/","pagename":"BestBuy"}
20170902045536z  getJsonArray WARNING No matching Value found for <application> in the object >>>> {"environment":"production","application":"t-mobile.com","link":"https:\/\/www.t-mobile.com\/","pagename":"T-Mobile.com"}
20170902045536z  getJsonArray WARNING No matching Value found for <application> in the object >>>> {"environment":"production","application":"Yahoo.com","link":"https:\/\/www.yahoo.com\/","pagename":"Yahoo.com"}
20170902045536z  getJsonArray WARNING No matching Value found for <application> in the object >>>> {"environment":"production","application":"Amazon.com","link":"https:\/\/www.amazon.com\/","pagename":"Amazon"}
20170902045536z  getJsonArray WARNING No matching Value found for <application> in the object >>>> {"environment":"production","application":"Staples.com","link":"http:\/\/www.staples.com\/","pagename":"Staples"}
20170902045536z  getJsonArray WARNING No matching Value found for <application> in the object >>>> {"environment":"stage","application":"Expedia.com","link":"https:\/\/www.expedia.com\/","pagename":"Expedia"}
20170902045536z  getJsonArray WARNING No matching Value found for <application> in the object >>>> {"environment":"production","application":"Uverse.com","link":"https:\/\/www.att.com\/shop\/tv\/directv\/tvdeals.html?JSAM_order=1-1&WT.srch=1&source=ECPS0000000PSM00P","pagename":"Uverse"}
20170902045809z  getJsonArray WARNING No matching Key was found <Facebook> in the object >>>> {"environment":"production","application":"Google.com","link":"https:\/\/www.google.com","pagename":"google"}
20170902045813z  getJsonArray WARNING No matching Key was found <Facebook> in the object >>>> {"environment":"production","application":"BestBuy.com","link":"http:\/\/www.bestbuy.com\/","pagename":"BestBuy"}
20170902045815z  getJsonArray WARNING No matching Key was found <Facebook> in the object >>>> {"environment":"production","application":"t-mobile.com","link":"https:\/\/www.t-mobile.com\/","pagename":"T-Mobile.com"}
20170902045815z  getJsonArray WARNING No matching Key was found <Facebook> in the object >>>> {"environment":"production","application":"Yahoo.com","link":"https:\/\/www.yahoo.com\/","pagename":"Yahoo.com"}
20170902045815z  getJsonArray WARNING No matching Key was found <Facebook> in the object >>>> {"environment":"production","application":"Amazon.com","link":"https:\/\/www.amazon.com\/","pagename":"Amazon"}
20170902045815z  getJsonArray WARNING No matching Key was found <Facebook> in the object >>>> {"environment":"production","application":"Staples.com","link":"http:\/\/www.staples.com\/","pagename":"Staples"}
20170902045815z  getJsonArray WARNING No matching Key was found <Facebook> in the object >>>> {"environment":"stage","application":"Expedia.com","link":"https:\/\/www.expedia.com\/","pagename":"Expedia"}
20170902045815z  getJsonArray WARNING No matching Key was found <Facebook> in the object >>>> {"environment":"production","application":"Uverse.com","link":"https:\/\/www.att.com\/shop\/tv\/directv\/tvdeals.html?JSAM_order=1-1&WT.srch=1&source=ECPS0000000PSM00P","pagename":"Uverse"}
20170902045848z  getJsonArray WARNING No matching Key was found <Facebook> in the object >>>> {"environment":"production","application":"Google.com","link":"https:\/\/www.google.com","pagename":"google"}
20170902045853z  getJsonArray WARNING No matching Key was found <Facebook> in the object >>>> {"environment":"production","application":"BestBuy.com","link":"http:\/\/www.bestbuy.com\/","pagename":"BestBuy"}
20170902045853z  getJsonArray WARNING No matching Key was found <Facebook> in the object >>>> {"environment":"production","application":"t-mobile.com","link":"https:\/\/www.t-mobile.com\/","pagename":"T-Mobile.com"}
20170902045853z  getJsonArray WARNING No matching Key was found <Facebook> in the object >>>> {"environment":"production","application":"Yahoo.com","link":"https:\/\/www.yahoo.com\/","pagename":"Yahoo.com"}
20170902045854z  getJsonArray WARNING No matching Key was found <Facebook> in the object >>>> {"environment":"production","application":"Amazon.com","link":"https:\/\/www.amazon.com\/","pagename":"Amazon"}
20170902045854z  getJsonArray WARNING No matching Key was found <Facebook> in the object >>>> {"environment":"production","application":"Staples.com","link":"http:\/\/www.staples.com\/","pagename":"Staples"}
20170902045854z  getJsonArray WARNING No matching Key was found <Facebook> in the object >>>> {"environment":"stage","application":"Expedia.com","link":"https:\/\/www.expedia.com\/","pagename":"Expedia"}
20170902045854z  getJsonArray WARNING No matching Key was found <Facebook> in the object >>>> {"environment":"production","application":"Uverse.com","link":"https:\/\/www.att.com\/shop\/tv\/directv\/tvdeals.html?JSAM_order=1-1&WT.srch=1&source=ECPS0000000PSM00P","pagename":"Uverse"}
20170902045955z  getJsonArray WARNING No matching Key was found <Facebook> in the object >>>> {"environment":"production","application":"Google.com","link":"https:\/\/www.google.com","pagename":"google"}
20170902045960z  getJsonArray WARNING No matching Key was found <Facebook> in the object >>>> {"environment":"production","application":"BestBuy.com","link":"http:\/\/www.bestbuy.com\/","pagename":"BestBuy"}
20170902045960z  getJsonArray WARNING No matching Key was found <Facebook> in the object >>>> {"environment":"production","application":"t-mobile.com","link":"https:\/\/www.t-mobile.com\/","pagename":"T-Mobile.com"}
20170902045960z  getJsonArray WARNING No matching Key was found <Facebook> in the object >>>> {"environment":"production","application":"FaceBook.com","link":"http:\/\/www.facebook.com\/","pagename":"FaceBook"}
20170902045961z  getJsonArray WARNING No matching Key was found <Facebook> in the object >>>> {"environment":"production","application":"Yahoo.com","link":"https:\/\/www.yahoo.com\/","pagename":"Yahoo.com"}
20170902045961z  getJsonArray WARNING No matching Key was found <Facebook> in the object >>>> {"environment":"production","application":"Amazon.com","link":"https:\/\/www.amazon.com\/","pagename":"Amazon"}
20170902045961z  getJsonArray WARNING No matching Key was found <Facebook> in the object >>>> {"environment":"production","application":"Staples.com","link":"http:\/\/www.staples.com\/","pagename":"Staples"}
20170902045961z  getJsonArray WARNING No matching Key was found <Facebook> in the object >>>> {"environment":"stage","application":"Expedia.com","link":"https:\/\/www.expedia.com\/","pagename":"Expedia"}
20170902045961z  getJsonArray WARNING No matching Key was found <Facebook> in the object >>>> {"environment":"production","application":"Uverse.com","link":"https:\/\/www.att.com\/shop\/tv\/directv\/tvdeals.html?JSAM_order=1-1&WT.srch=1&source=ECPS0000000PSM00P","pagename":"Uverse"}
20170902045963z  getJsonArray WARNING No matching Key was found <Facebook> in the object >>>> {"environment":"production","application":"Google.com","link":"https:\/\/www.google.com","pagename":"google"}
20170902045969z  getJsonArray WARNING No matching Key was found <Facebook> in the object >>>> {"environment":"production","application":"BestBuy.com","link":"http:\/\/www.bestbuy.com\/","pagename":"BestBuy"}
20170902045969z  getJsonArray WARNING No matching Key was found <Facebook> in the object >>>> {"environment":"production","application":"t-mobile.com","link":"https:\/\/www.t-mobile.com\/","pagename":"T-Mobile.com"}
20170902045969z  getJsonArray WARNING No matching Key was found <Facebook> in the object >>>> {"environment":"production","application":"FaceBook.com","link":"http:\/\/www.facebook.com\/","pagename":"FaceBook"}
20170902045969z  getJsonArray WARNING No matching Key was found <Facebook> in the object >>>> {"environment":"production","application":"Yahoo.com","link":"https:\/\/www.yahoo.com\/","pagename":"Yahoo.com"}
20170902045969z  getJsonArray WARNING No matching Key was found <Facebook> in the object >>>> {"environment":"production","application":"Amazon.com","link":"https:\/\/www.amazon.com\/","pagename":"Amazon"}
20170902045969z  getJsonArray WARNING No matching Key was found <Facebook> in the object >>>> {"environment":"production","application":"Staples.com","link":"http:\/\/www.staples.com\/","pagename":"Staples"}
20170902045971z  getJsonArray WARNING No matching Key was found <Facebook> in the object >>>> {"environment":"stage","application":"Expedia.com","link":"https:\/\/www.expedia.com\/","pagename":"Expedia"}
20170902045971z  getJsonArray WARNING No matching Key was found <Facebook> in the object >>>> {"environment":"production","application":"Uverse.com","link":"https:\/\/www.att.com\/shop\/tv\/directv\/tvdeals.html?JSAM_order=1-1&WT.srch=1&source=ECPS0000000PSM00P","pagename":"Uverse"}
20170902050030z  getJsonArray WARNING No matching Key was found <Facebook> in the object >>>> {"environment":"production","application":"Google.com","link":"https:\/\/www.google.com","pagename":"google"}
20170902050035z  getJsonArray WARNING No matching Key was found <Facebook> in the object >>>> {"environment":"production","application":"BestBuy.com","link":"http:\/\/www.bestbuy.com\/","pagename":"BestBuy"}
20170902050035z  getJsonArray WARNING No matching Key was found <Facebook> in the object >>>> {"environment":"production","application":"t-mobile.com","link":"https:\/\/www.t-mobile.com\/","pagename":"T-Mobile.com"}
20170902050035z  getJsonArray WARNING No matching Key was found <Facebook> in the object >>>> {"environment":"production","application":"FaceBook.com","link":"http:\/\/www.facebook.com\/","pagename":"Facebook"}
20170902050036z  getJsonArray WARNING No matching Key was found <Facebook> in the object >>>> {"environment":"production","application":"Yahoo.com","link":"https:\/\/www.yahoo.com\/","pagename":"Yahoo.com"}
20170902050036z  getJsonArray WARNING No matching Key was found <Facebook> in the object >>>> {"environment":"production","application":"Amazon.com","link":"https:\/\/www.amazon.com\/","pagename":"Amazon"}
20170902050036z  getJsonArray WARNING No matching Key was found <Facebook> in the object >>>> {"environment":"production","application":"Staples.com","link":"http:\/\/www.staples.com\/","pagename":"Staples"}
20170902050036z  getJsonArray WARNING No matching Key was found <Facebook> in the object >>>> {"environment":"stage","application":"Expedia.com","link":"https:\/\/www.expedia.com\/","pagename":"Expedia"}
20170902050036z  getJsonArray WARNING No matching Key was found <Facebook> in the object >>>> {"environment":"production","application":"Uverse.com","link":"https:\/\/www.att.com\/shop\/tv\/directv\/tvdeals.html?JSAM_order=1-1&WT.srch=1&source=ECPS0000000PSM00P","pagename":"Uverse"}
20170902050267z  getJsonArray WARNING No matching Value found for <Facebook> in the object >>>> {"environment":"production","application":"Google.com","link":"https:\/\/www.google.com","pagename":"google"}
20170902050271z  getJsonArray WARNING No matching Value found for <Facebook> in the object >>>> {"environment":"production","application":"BestBuy.com","link":"http:\/\/www.bestbuy.com\/","pagename":"BestBuy"}
20170902050271z  getJsonArray WARNING No matching Value found for <Facebook> in the object >>>> {"environment":"production","application":"t-mobile.com","link":"https:\/\/www.t-mobile.com\/","pagename":"T-Mobile.com"}
20170902050271z  getJsonArray INFO: match found for <Facebook> in the object >>>> {"environment":"production","application":"FaceBook.com","link":"http:\/\/www.facebook.com\/","pagename":"Facebook"}
20170902050615z  getJsonArray WARNING No matching Value found for <Facebook> in the object >>>> {"environment":"production","application":"Google.com","link":"https:\/\/www.google.com","pagename":"google"}
20170902050620z  getJsonArray WARNING No matching Value found for <Facebook> in the object >>>> {"environment":"production","application":"BestBuy.com","link":"http:\/\/www.bestbuy.com\/","pagename":"BestBuy"}
20170902050620z  getJsonArray WARNING No matching Value found for <Facebook> in the object >>>> {"environment":"production","application":"t-mobile.com","link":"https:\/\/www.t-mobile.com\/","pagename":"T-Mobile.com"}
20170902050620z  getJsonArray INFO: match found for <Facebook> in the object >>>> {"environment":"production","application":"FaceBook.com","link":"http:\/\/www.facebook.com\/","pagename":"Facebook"}
20170902050915z  getJsonArray WARNING No matching Value found for <Facebook> in the object >>>> {"environment":"production","application":"Google.com","link":"https:\/\/www.google.com","pagename":"google"}
20170902050920z  getJsonArray WARNING No matching Value found for <Facebook> in the object >>>> {"environment":"production","application":"BestBuy.com","link":"http:\/\/www.bestbuy.com\/","pagename":"BestBuy"}
20170902050920z  getJsonArray WARNING No matching Value found for <Facebook> in the object >>>> {"environment":"production","application":"t-mobile.com","link":"https:\/\/www.t-mobile.com\/","pagename":"T-Mobile.com"}
20170902050920z  getJsonArray INFO: match found for <Facebook> in the object >>>> {"environment":"production","application":"FaceBook.com","link":"http:\/\/www.facebook.com\/","pagename":"Facebook"}
20170902051000z  getJsonArray WARNING No matching Value found for <Facebook> in the object >>>> {"environment":"production","application":"Google.com","link":"https:\/\/www.google.com","pagename":"google"}
20170902051005z  getJsonArray WARNING No matching Value found for <Facebook> in the object >>>> {"environment":"production","application":"BestBuy.com","link":"http:\/\/www.bestbuy.com\/","pagename":"BestBuy"}
20170902051005z  getJsonArray WARNING No matching Value found for <Facebook> in the object >>>> {"environment":"production","application":"t-mobile.com","link":"https:\/\/www.t-mobile.com\/","pagename":"T-Mobile.com"}
20170902051005z  getJsonArray INFO: match found for <Facebook> in the object >>>> {"environment":"production","application":"FaceBook.com","link":"http:\/\/www.facebook.com\/","pagename":"Facebook"}
20170902221488z  getJsonArray WARNING No matching Value found for <Facebook> in the object >>>> {"environment":"production","application":"Google.com","link":"https:\/\/www.google.com","pagename":"google"}
20170902221493z  getJsonArray WARNING No matching Value found for <Facebook> in the object >>>> {"environment":"production","application":"BestBuy.com","link":"http:\/\/www.bestbuy.com\/","pagename":"BestBuy"}
20170902221493z  getJsonArray WARNING No matching Value found for <Facebook> in the object >>>> {"environment":"production","application":"t-mobile.com","link":"https:\/\/www.t-mobile.com\/","pagename":"T-Mobile.com"}
20170902221494z  getJsonArray INFO: match found for <Facebook> in the object >>>> {"environment":"production","application":"FaceBook.com","link":"http:\/\/www.facebook.com\/","pagename":"Facebook"}
20170902221434z  getJsonArray WARNING No matching Value found for <Facebook> in the object >>>> {"environment":"production","application":"Google.com","link":"https:\/\/www.google.com","pagename":"google"}
20170902221438z  getJsonArray WARNING No matching Value found for <Facebook> in the object >>>> {"environment":"production","application":"BestBuy.com","link":"http:\/\/www.bestbuy.com\/","pagename":"BestBuy"}
20170902221439z  getJsonArray WARNING No matching Value found for <Facebook> in the object >>>> {"environment":"production","application":"t-mobile.com","link":"https:\/\/www.t-mobile.com\/","pagename":"T-Mobile.com"}
20170902221439z  getJsonArray INFO: match found for <Facebook> in the object >>>> {"environment":"production","application":"FaceBook.com","link":"http:\/\/www.facebook.com\/","pagename":"Facebook"}
20170902221530z  getJsonArray WARNING No matching Value found for <Facebook> in the object >>>> {"environment":"production","application":"Google.com","link":"https:\/\/www.google.com","pagename":"google"}
20170902221534z  getJsonArray WARNING No matching Value found for <Facebook> in the object >>>> {"environment":"production","application":"BestBuy.com","link":"http:\/\/www.bestbuy.com\/","pagename":"BestBuy"}
20170902221535z  getJsonArray WARNING No matching Value found for <Facebook> in the object >>>> {"environment":"production","application":"t-mobile.com","link":"https:\/\/www.t-mobile.com\/","pagename":"T-Mobile.com"}
20170902221535z  getJsonArray INFO: match found for <Facebook> in the object >>>> {"environment":"production","application":"FaceBook.com","link":"http:\/\/www.facebook.com\/","pagename":"Facebook"}
